08.05.2021 08:10:37 --- Программа запущена.
08:10:37.72 --- ********
08:10:37.73 --- Запуск программы.
08:10:37.75 --- Подключение - БД...
08:10:37.97 --- --> успех.
08:10:37.97 --- Подключение - Adam5000TCP...
08:10:37.98 --- --> успех.
08:10:37.98 --- Подключение - CA6752...
08:10:38.08 --- --> успех.
08:10:38.17 --- Подключение - Di30R...
08:10:39.21 --- --> успех.
08:10:39.61 --- Чтение записи № 4978
08:10:39.69 ---     ROhm - Подключение к микрометру
08:10:47.82 --- Создание нового теста.
08:11:10.33 --- Добавлена новая запись.
08:11:10.61 --- Чтение записи № 4979
08:14:31.95 --- Сохранение результатов.
08:14:33.29 --- Чтение записи № 4979
08:14:33.29 --- Обновление записи № 4979
08:14:41.77 ---     ROhm - Старт измерения.
08:14:41.78 ---     ROhm - Запуск испытания в автоматическом режиме.
08:14:41.79 ---     ROhm - Переключение фаз АВ.
08:14:42.78 ---     ROhm - Испытание текущих фаз...
08:14:42.80 ---     ROhm - комманда CA6250_Start
08:14:52.79 ---     ROhm - комманда CA6250_Start
08:14:55.79 ---     ROhm - комманда CA6250_Print
08:14:56.47 ---     ROhm - Событие: Message --> Success
08:14:56.48 ---     ROhm - Событие: Value --> 5.177
08:15:00.80 ---     ROhm - Переключение фаз ВС.
08:15:01.79 ---     ROhm - Испытание текущих фаз...
08:15:01.81 ---     ROhm - комманда CA6250_Start
08:15:11.80 ---     ROhm - комманда CA6250_Start
08:15:14.80 ---     ROhm - комманда CA6250_Print
08:15:15.47 ---     ROhm - Событие: Message --> Success
08:15:15.49 ---     ROhm - Событие: Value --> 5.15
08:15:19.80 ---     ROhm - Переключение фаз СА.
08:15:20.80 ---     ROhm - Испытание текущих фаз...
08:15:20.82 ---     ROhm - комманда CA6250_Start
08:15:30.81 ---     ROhm - комманда CA6250_Start
08:15:33.81 ---     ROhm - комманда CA6250_Print
08:15:34.48 ---     ROhm - Событие: Message --> Success
08:15:34.50 ---     ROhm - Событие: Value --> 5.173
08:15:38.81 ---     ROhm - Выключение фаз.
08:15:59.41 --- ROhm - Сохранение результатов.
08:16:01.02 --- Чтение записи № 4979
08:16:01.03 --- Обновление записи № 4979
08:18:12.74 --- Hipot - Старт измерения.
08:18:17.22 --- Hipot - старт в автоматическом режиме.
08:18:18.30 --- Hipot - переключение фаз: A
08:25:02.49 --- Hipot - переключение фаз: None
08:25:09.04 --- Hipot - переключение фаз: B
08:32:07.84 --- Hipot - переключение фаз: None
08:32:14.37 --- Hipot - переключение фаз: C
08:39:34.65 --- Hipot - переключение фаз: None
08:39:46.97 --- Hipot - Сохранение результатов.
08:39:48.73 --- Чтение записи № 4979
08:39:48.73 --- Обновление записи № 4979
08:41:28.76 --- Hipot - переключение фаз: A
08:41:30.55 --- Hipot - Старт измерения.
08:41:32.20 --- Hipot - старт в ручном режиме: фаза A
08:42:00.33 --- Hipot - Остановка измерения.
08:42:00.35 --- Hipot - прерывание испытания.
08:42:04.05 --- Hipot - переключение фаз: None
08:42:08.79 --- Hipot - переключение фаз: A
08:42:11.45 --- Hipot - Старт измерения.
08:42:13.49 --- Hipot - старт в ручном режиме: фаза A
08:48:52.49 --- Hipot - переключение фаз: None
08:49:11.99 --- Hipot - Сохранение результатов.
08:49:13.52 --- Чтение записи № 4979
08:49:13.53 --- Обновление записи № 4979
08:49:18.13 --- Печать протокола.
09:10:12.63 --- Создание нового теста.
09:10:34.64 --- Добавлена новая запись.
09:10:36.65 --- Чтение записи № 4980
09:13:32.05 --- Сохранение результатов.
09:13:33.44 --- Чтение записи № 4980
09:13:33.46 --- Обновление записи № 4980
09:13:41.92 ---     ROhm - Старт измерения.
09:13:41.93 ---     ROhm - Запуск испытания в автоматическом режиме.
09:13:41.94 ---     ROhm - Переключение фаз АВ.
09:13:42.93 ---     ROhm - Испытание текущих фаз...
09:13:42.95 ---     ROhm - комманда CA6250_Start
09:13:52.94 ---     ROhm - комманда CA6250_Start
09:13:55.94 ---     ROhm - комманда CA6250_Print
09:13:56.61 ---     ROhm - Событие: Message --> Success
09:13:56.63 ---     ROhm - Событие: Value --> 5.316
09:14:00.95 ---     ROhm - Переключение фаз ВС.
09:14:01.94 ---     ROhm - Испытание текущих фаз...
09:14:01.96 ---     ROhm - комманда CA6250_Start
09:14:11.95 ---     ROhm - комманда CA6250_Start
09:14:14.95 ---     ROhm - комманда CA6250_Print
09:14:15.62 ---     ROhm - Событие: Message --> Success
09:14:15.64 ---     ROhm - Событие: Value --> 5.319
09:14:19.95 ---     ROhm - Переключение фаз СА.
09:14:20.95 ---     ROhm - Испытание текущих фаз...
09:14:20.97 ---     ROhm - комманда CA6250_Start
09:14:30.95 ---     ROhm - комманда CA6250_Start
09:14:33.96 ---     ROhm - комманда CA6250_Print
09:14:34.63 ---     ROhm - Событие: Message --> Success
09:14:34.64 ---     ROhm - Событие: Value --> 5.318
09:14:38.96 ---     ROhm - Выключение фаз.
09:14:41.47 --- ROhm - Сохранение результатов.
09:14:43.36 --- Чтение записи № 4980
09:14:43.36 --- Обновление записи № 4980
09:16:53.11 --- Hipot - Старт измерения.
09:16:54.75 --- Hipot - старт в автоматическом режиме.
09:16:55.83 --- Hipot - переключение фаз: A
09:18:11.65 --- Hipot - Остановка измерения.
09:18:11.66 --- Hipot - прерывание испытания.
09:18:17.53 --- Hipot - переключение фаз: None
09:18:23.53 --- Hipot - переключение фаз: None
09:18:26.63 --- Hipot - Старт измерения.
09:18:28.22 --- Hipot - старт в автоматическом режиме.
09:18:29.29 --- Hipot - переключение фаз: A
09:25:18.30 --- Hipot - переключение фаз: None
09:25:24.81 --- Hipot - переключение фаз: B
09:32:11.85 --- Hipot - переключение фаз: None
09:32:18.35 --- Hipot - переключение фаз: C
09:39:07.10 --- Hipot - переключение фаз: None
09:39:30.93 --- Hipot - Сохранение результатов.
09:39:32.29 --- Чтение записи № 4980
09:39:32.29 --- Обновление записи № 4980
09:39:35.30 --- Печать протокола.
10:14:59.61 --- Создание нового теста.
10:15:20.80 --- Добавлена новая запись.
10:15:22.66 --- Чтение записи № 4981
10:18:10.32 --- Сохранение результатов.
10:18:12.62 --- Чтение записи № 4981
10:18:12.65 --- Обновление записи № 4981
10:18:20.31 ---     ROhm - Старт измерения.
10:18:20.32 ---     ROhm - Запуск испытания в автоматическом режиме.
10:18:20.33 ---     ROhm - Переключение фаз АВ.
10:18:21.32 ---     ROhm - Испытание текущих фаз...
10:18:21.34 ---     ROhm - комманда CA6250_Start
10:18:31.33 ---     ROhm - комманда CA6250_Start
10:18:34.33 ---     ROhm - комманда CA6250_Print
10:18:35.00 ---     ROhm - Событие: Message --> Success
10:18:35.02 ---     ROhm - Событие: Value --> 5.21
10:18:39.33 ---     ROhm - Переключение фаз ВС.
10:18:40.33 ---     ROhm - Испытание текущих фаз...
10:18:40.36 ---     ROhm - комманда CA6250_Start
10:18:50.34 ---     ROhm - комманда CA6250_Start
10:18:53.34 ---     ROhm - комманда CA6250_Print
10:18:54.01 ---     ROhm - Событие: Message --> Success
10:18:54.04 ---     ROhm - Событие: Value --> 5.204
10:18:58.35 ---     ROhm - Переключение фаз СА.
10:18:59.34 ---     ROhm - Испытание текущих фаз...
10:18:59.36 ---     ROhm - комманда CA6250_Start
10:19:09.35 ---     ROhm - комманда CA6250_Start
10:19:12.35 ---     ROhm - комманда CA6250_Print
10:19:13.02 ---     ROhm - Событие: Message --> Success
10:19:13.04 ---     ROhm - Событие: Value --> 5.214
10:19:17.35 ---     ROhm - Выключение фаз.
10:19:19.16 --- ROhm - Сохранение результатов.
10:19:21.02 --- Чтение записи № 4981
10:19:21.02 --- Обновление записи № 4981
10:21:34.28 --- Hipot - Старт измерения.
10:21:35.64 --- Hipot - старт в автоматическом режиме.
10:21:36.72 --- Hipot - переключение фаз: A
10:28:26.24 --- Hipot - переключение фаз: None
10:28:32.75 --- Hipot - переключение фаз: B
10:35:22.41 --- Hipot - переключение фаз: None
10:35:28.91 --- Hipot - переключение фаз: C
10:42:18.17 --- Hipot - переключение фаз: None
10:42:30.73 --- Hipot - Сохранение результатов.
10:42:32.62 --- Чтение записи № 4981
10:42:32.62 --- Обновление записи № 4981
10:42:35.63 --- Печать протокола.
11:57:00.03 --- Печать протокола.
11:57:30.19 --- Чтение записи № 1649
11:57:39.00 --- Печать протокола.
15:40:53.05 --- Создание нового теста.
15:41:16.08 --- Добавлена новая запись.
15:41:17.95 --- Чтение записи № 4982
15:44:18.70 --- Сохранение результатов.
15:44:20.29 --- Чтение записи № 4982
15:44:20.31 --- Обновление записи № 4982
15:44:28.00 ---     ROhm - Старт измерения.
15:44:28.01 ---     ROhm - Запуск испытания в автоматическом режиме.
15:44:28.02 ---     ROhm - Переключение фаз АВ.
15:44:29.01 ---     ROhm - Испытание текущих фаз...
15:44:29.03 ---     ROhm - комманда CA6250_Start
15:44:39.01 ---     ROhm - комманда CA6250_Start
15:44:42.01 ---     ROhm - комманда CA6250_Print
15:44:42.69 ---     ROhm - Событие: Message --> Success
15:44:42.71 ---     ROhm - Событие: Value --> 4.601
15:44:47.02 ---     ROhm - Переключение фаз ВС.
15:44:48.02 ---     ROhm - Испытание текущих фаз...
15:44:48.02 ---     ROhm - комманда CA6250_Start
15:44:58.02 ---     ROhm - комманда CA6250_Start
15:45:01.02 ---     ROhm - комманда CA6250_Print
15:45:01.69 ---     ROhm - Событие: Message --> Success
15:45:01.71 ---     ROhm - Событие: Value --> 4.59
15:45:06.02 ---     ROhm - Переключение фаз СА.
15:45:07.02 ---     ROhm - Испытание текущих фаз...
15:45:07.05 ---     ROhm - комманда CA6250_Start
15:45:17.03 ---     ROhm - комманда CA6250_Start
15:45:20.03 ---     ROhm - комманда CA6250_Print
15:45:20.70 ---     ROhm - Событие: Message --> Success
15:45:20.71 ---     ROhm - Событие: Value --> 4.597
15:45:25.03 ---     ROhm - Выключение фаз.
15:45:28.39 --- ROhm - Сохранение результатов.
15:45:30.34 --- Чтение записи № 4982
15:45:30.35 --- Обновление записи № 4982
15:48:20.19 --- Hipot - Старт измерения.
15:48:21.39 --- Hipot - старт в автоматическом режиме.
15:48:22.47 --- Hipot - переключение фаз: A
15:55:04.27 --- Hipot - переключение фаз: None
15:55:10.77 --- Hipot - переключение фаз: B
16:01:50.46 --- Hipot - переключение фаз: None
16:01:56.96 --- Hipot - переключение фаз: C
16:08:41.56 --- Hipot - переключение фаз: None
16:08:52.11 --- Hipot - Сохранение результатов.
16:08:53.58 --- Чтение записи № 4982
16:08:53.59 --- Обновление записи № 4982
16:08:57.28 --- Печать протокола.
13:26:32.59 --- Чтение записи № 4979
13:29:14.41 --- Чтение записи № 4982
01:02:34.57 --- Создание нового теста.
01:03:00.47 --- Добавлена новая запись.
01:03:02.33 --- Чтение записи № 4983
01:05:51.46 --- Сохранение результатов.
01:05:53.35 --- Чтение записи № 4983
01:05:53.36 --- Обновление записи № 4983
01:06:02.19 ---     ROhm - Старт измерения.
01:06:02.20 ---     ROhm - Запуск испытания в автоматическом режиме.
01:06:02.21 ---     ROhm - Переключение фаз АВ.
01:06:03.20 ---     ROhm - Испытание текущих фаз...
01:06:03.23 ---     ROhm - комманда CA6250_Start
01:06:13.21 ---     ROhm - комманда CA6250_Start
01:06:16.21 ---     ROhm - комманда CA6250_Print
01:06:16.88 ---     ROhm - Событие: Message --> Success
01:06:16.89 ---     ROhm - Событие: Value --> 0.94
01:06:21.22 ---     ROhm - Переключение фаз ВС.
01:06:22.22 ---     ROhm - Испытание текущих фаз...
01:06:22.24 ---     ROhm - комманда CA6250_Start
01:06:32.22 ---     ROhm - комманда CA6250_Start
01:06:35.22 ---     ROhm - комманда CA6250_Print
01:06:35.89 ---     ROhm - Событие: Message --> Success
01:06:35.91 ---     ROhm - Событие: Value --> 0.938
01:06:40.23 ---     ROhm - Переключение фаз СА.
01:06:41.22 ---     ROhm - Испытание текущих фаз...
01:06:41.29 ---     ROhm - комманда CA6250_Start
01:06:51.23 ---     ROhm - комманда CA6250_Start
01:06:54.23 ---     ROhm - комманда CA6250_Print
01:06:54.91 ---     ROhm - Событие: Message --> Success
01:06:54.91 ---     ROhm - Событие: Value --> 0.942
01:06:59.24 ---     ROhm - Выключение фаз.
01:07:01.76 --- ROhm - Сохранение результатов.
01:07:03.68 --- Чтение записи № 4983
01:07:03.68 --- Обновление записи № 4983
01:11:10.40 --- Hipot - Старт измерения.
01:11:12.17 --- Hipot - старт в автоматическом режиме.
01:11:13.23 --- Hipot - переключение фаз: A
01:17:39.55 --- Hipot - переключение фаз: None
01:17:46.06 --- Hipot - переключение фаз: B
01:24:13.64 --- Hipot - переключение фаз: None
01:24:20.14 --- Hipot - переключение фаз: C
01:30:46.25 --- Hipot - переключение фаз: None
01:31:01.11 --- Hipot - Сохранение результатов.
01:31:02.93 --- Чтение записи № 4983
01:31:02.93 --- Обновление записи № 4983
01:31:06.71 --- Печать протокола.
01:39:15.24 --- Создание нового теста.
01:39:35.23 --- Добавлена новая запись.
01:39:36.36 --- Чтение записи № 4984
01:42:02.30 --- Сохранение результатов.
01:42:04.32 --- Чтение записи № 4984
01:42:04.33 --- Обновление записи № 4984
01:42:13.37 ---     ROhm - Старт измерения.
01:42:13.38 ---     ROhm - Запуск испытания в автоматическом режиме.
01:42:13.39 ---     ROhm - Переключение фаз АВ.
01:42:14.38 ---     ROhm - Испытание текущих фаз...
01:42:14.40 ---     ROhm - комманда CA6250_Start
01:42:24.38 ---     ROhm - комманда CA6250_Start
01:42:27.38 ---     ROhm - комманда CA6250_Print
01:42:28.05 ---     ROhm - Событие: Message --> Success
01:42:28.08 ---     ROhm - Событие: Value --> 0.263
01:42:32.39 ---     ROhm - Переключение фаз ВС.
01:42:33.39 ---     ROhm - Испытание текущих фаз...
01:42:33.41 ---     ROhm - комманда CA6250_Start
01:42:43.39 ---     ROhm - комманда CA6250_Start
01:42:46.39 ---     ROhm - комманда CA6250_Print
01:42:47.06 ---     ROhm - Событие: Message --> Success
01:42:47.08 ---     ROhm - Событие: Value --> 0.259
01:42:51.40 ---     ROhm - Переключение фаз СА.
01:42:52.40 ---     ROhm - Испытание текущих фаз...
01:42:52.42 ---     ROhm - комманда CA6250_Start
01:43:02.40 ---     ROhm - комманда CA6250_Start
01:43:05.40 ---     ROhm - комманда CA6250_Print
01:43:06.07 ---     ROhm - Событие: Message --> Success
01:43:06.09 ---     ROhm - Событие: Value --> 0.263
01:43:10.41 ---     ROhm - Выключение фаз.
01:43:13.78 --- ROhm - Сохранение результатов.
01:43:15.75 --- Чтение записи № 4984
01:43:15.75 --- Обновление записи № 4984
01:45:46.29 --- Hipot - Старт измерения.
01:45:47.64 --- Hipot - старт в автоматическом режиме.
01:45:48.72 --- Hipot - переключение фаз: A
01:52:10.74 --- Hipot - переключение фаз: None
01:52:17.24 --- Hipot - переключение фаз: B
01:58:44.01 --- Hipot - переключение фаз: None
01:58:50.53 --- Hipot - переключение фаз: C
02:05:18.98 --- Hipot - переключение фаз: None
02:05:27.58 --- Hipot - Сохранение результатов.
02:05:29.70 --- Чтение записи № 4984
02:05:29.70 --- Обновление записи № 4984
02:05:34.38 --- Печать протокола.
02:43:25.28 --- Создание нового теста.
02:43:45.21 --- Добавлена новая запись.
02:43:46.33 --- Чтение записи № 4985
02:46:48.35 --- Сохранение результатов.
02:46:50.18 --- Чтение записи № 4985
02:46:50.20 --- Обновление записи № 4985
02:47:01.02 ---     ROhm - Старт измерения.
02:47:01.03 ---     ROhm - Запуск испытания в автоматическом режиме.
02:47:01.04 ---     ROhm - Переключение фаз АВ.
02:47:02.03 ---     ROhm - Испытание текущих фаз...
02:47:02.05 ---     ROhm - комманда CA6250_Start
02:47:12.03 ---     ROhm - комманда CA6250_Start
02:47:15.04 ---     ROhm - комманда CA6250_Print
02:47:20.04 ---     ROhm - Переключение фаз ВС.
02:47:21.04 ---     ROhm - Испытание текущих фаз...
02:47:21.06 ---     ROhm - комманда CA6250_Start
02:47:31.04 ---     ROhm - комманда CA6250_Start
02:47:34.04 ---     ROhm - комманда CA6250_Print
02:47:39.05 ---     ROhm - Переключение фаз СА.
02:47:40.04 ---     ROhm - Испытание текущих фаз...
02:47:40.07 ---     ROhm - комманда CA6250_Start
02:47:50.05 ---     ROhm - комманда CA6250_Start
02:47:53.05 ---     ROhm - комманда CA6250_Print
02:47:58.06 ---     ROhm - Выключение фаз.
02:48:26.85 --- ROhm - Сохранение результатов.
02:48:28.27 --- Чтение записи № 4985
02:48:28.28 --- Обновление записи № 4985
02:58:51.17 --- Hipot - Старт измерения.
02:58:52.34 --- Hipot - старт в автоматическом режиме.
02:58:53.41 --- Hipot - переключение фаз: A
03:05:45.57 --- Hipot - переключение фаз: None
03:05:52.07 --- Hipot - переключение фаз: B
03:12:43.39 --- Hipot - переключение фаз: None
03:12:49.89 --- Hipot - переключение фаз: C
03:19:39.10 --- Hipot - переключение фаз: None
03:19:50.14 --- Hipot - Сохранение результатов.
03:20:05.44 --- Чтение записи № 4985
03:20:05.46 --- Обновление записи № 4985
03:20:10.37 --- Печать протокола.
06:44:33.45 --- Чтение записи № 4983
06:44:37.18 --- Завершение программы.
06:44:37.20 --- ********
06:44:37.24 ---     ROhm - Отключение от микрометра
